<?xml version="1.0" encoding="UTF-8"?>
<!-- Generated by org.testng.reporters.JUnitReportReporter -->
<testsuite hostname="DESKTOP-IE4M8AL" failures="0" tests="2" name="TestCases.VerifyLoginPage" time="11.071" errors="0" timestamp="2023-07-04T18:56:38 IST" skipped="0">
  <testcase classname="TestCases.VerifyLoginPage" name="verifyLoginPage" time="6.790"/>
  <testcase classname="TestCases.VerifyLoginPage" name="verifyLoginPage" time="4.281"/>
</testsuite> <!-- TestCases.VerifyLoginPage -->
