<?xml version="1.0" encoding="UTF-8"?>
<!-- Generated by org.testng.reporters.JUnitReportReporter -->
<testsuite hostname="DESKTOP-IE4M8AL" failures="0" tests="1" name="TestCases.VerifySignUpPage" time="22.745" errors="0" timestamp="2023-07-04T18:48:18 IST" skipped="0">
  <testcase classname="TestCases.VerifySignUpPage" name="signup" time="22.745"/>
</testsuite> <!-- TestCases.VerifySignUpPage -->
